
=== Sat Aug 31 17:40:03 2019

Packages were changed.
Update Mode: mergeDefaultDependencies

The following packages were updated:
  com.unity.collab-proxy from version 1.2.15 to 1.2.16
  com.unity.package-manager-ui from version 2.1.1 to 2.1.2
  com.unity.purchasing from version 2.0.1 to 2.0.6
  com.unity.textmeshpro from version 1.3.0 to 2.0.0

=== Thu Feb 20 09:56:54 2020

Packages were changed.
Update Mode: updateDependencies

The following packages were added:
  com.unity.2d.tilemap@1.0.0
  com.unity.test-framework@1.1.9
  com.unity.2d.sprite@1.0.0
  com.unity.ide.vscode@1.1.3
  com.unity.ide.rider@1.1.4
  com.unity.ugui@1.0.0
  com.unity.modules.androidjni@1.0.0
The following packages were updated:
  com.unity.analytics from version 3.3.2 to 3.3.4
  com.unity.postprocessing from version 2.1.7 to 2.2.2
  com.unity.render-pipelines.high-definition from version 5.7.2-preview to 7.1.7
  com.unity.textmeshpro from version 2.0.0 to 2.0.1
  com.unity.timeline from version 1.0.0 to 1.2.9
  com.unity.visualeffectgraph from version 5.13.0-preview to 7.1.7
  com.unity.xr.legacyinputhelpers from version 1.0.0 to 1.3.8
The following packages were removed:
  com.unity.package-manager-ui@2.1.2

=== Sun Mar  8 18:24:54 2020

Packages were changed.
Update Mode: mergeDefaultDependencies

The following packages were added:
  com.unity.cinemachine@2.3.5-preview.2
  com.unity.recorder@2.0.2-preview.2
The following packages were updated:
  com.unity.render-pipelines.high-definition from version 7.1.7 to 7.1.8
  com.unity.timeline from version 1.2.9 to 1.2.10
  com.unity.visualeffectgraph from version 7.1.7 to 7.1.8
